[0.724s] Invoking command in '/home/evan/code/lego-loam/lego/build/lego_loam_sr': CMAKE_PREFIX_PATH=${CMAKE_PREFIX_PATH}:/opt/ros/humble /usr/bin/cmake /home/evan/code/lego-loam/lego/src/LeGO-LOAM -DCMAKE_INSTALL_PREFIX=/home/evan/code/lego-loam/lego/install/lego_loam_sr
[1.516s] -- Found ament_cmake: 1.3.3 (/opt/ros/humble/share/ament_cmake/cmake)
[7.340s] -- Found rclcpp: 16.0.3 (/opt/ros/humble/share/rclcpp/cmake)
[8.167s] -- Found rosidl_generator_c: 3.1.4 (/opt/ros/humble/share/rosidl_generator_c/cmake)
[8.210s] -- Found rosidl_adapter: 3.1.4 (/opt/ros/humble/share/rosidl_adapter/cmake)
[8.269s] -- Found rosidl_generator_cpp: 3.1.4 (/opt/ros/humble/share/rosidl_generator_cpp/cmake)
[8.437s] -- Using all available rosidl_typesupport_c: rosidl_typesupport_fastrtps_c;rosidl_typesupport_introspection_c
[8.653s] -- Using all available rosidl_typesupport_cpp: rosidl_typesupport_fastrtps_cpp;rosidl_typesupport_introspection_cpp
[9.205s] -- Found rmw_implementation_cmake: 6.1.1 (/opt/ros/humble/share/rmw_implementation_cmake/cmake)
[9.266s] -- Found rmw_fastrtps_cpp: 6.2.2 (/opt/ros/humble/share/rmw_fastrtps_cpp/cmake)
[9.591s] -- Using RMW implementation 'rmw_fastrtps_cpp' as default
[10.195s] -- Found sensor_msgs: 4.2.3 (/opt/ros/humble/share/sensor_msgs/cmake)
[10.467s] -- Found nav_msgs: 4.2.3 (/opt/ros/humble/share/nav_msgs/cmake)
[10.591s] -- Found tf2: 0.25.2 (/opt/ros/humble/share/tf2/cmake)
[10.623s] -- Found tf2_ros: 0.25.2 (/opt/ros/humble/share/tf2_ros/cmake)
[11.268s] -- Found tf2_geometry_msgs: 0.25.2 (/opt/ros/humble/share/tf2_geometry_msgs/cmake)
[11.304s] -- Found eigen3_cmake_module: 0.1.1 (/opt/ros/humble/share/eigen3_cmake_module/cmake)
[11.331s] -- Found Eigen3: TRUE (found version "3.4.0") 
[11.331s] -- Ensuring Eigen3 include directory is part of orocos-kdl CMake target
[11.355s] -- Found pcl_conversions: 2.4.0 (/opt/ros/humble/share/pcl_conversions/cmake)
[11.543s] -- Found cloud_msgs: 1.0.0 (/home/evan/code/lego-loam/lego/install/cloud_msgs/share/cloud_msgs/cmake)
[11.629s] -- Eigen found (include: /usr/include/eigen3, version: 3.4.0)
[11.671s] -- FLANN found (include: /usr/include, lib: /usr/lib/x86_64-linux-gnu/libflann_cpp.so)
[12.496s] -- Found Eigen3: /usr/include/eigen3 (found version "3.4.0") 
[12.721s] -- OpenNI found (version: 1.5.4.0, include: /usr/include/ni, lib: /usr/lib/libOpenNI.so;libusb::libusb)
[12.729s] -- OpenNI2 found (version: 2.2.0.33, include: /usr/include/openni2, lib: /usr/lib/x86_64-linux-gnu/libOpenNI2.so;libusb::libusb)
[12.730s] [0m** WARNING ** io features related to pcap will be disabled[0m
[12.962s] -- Eigen found (include: /usr/include/eigen3, version: 3.4.0)
[12.971s] -- OpenNI found (version: 1.5.4.0, include: /usr/include/ni, lib: /usr/lib/libOpenNI.so;libusb::libusb)
[12.981s] -- OpenNI2 found (version: 2.2.0.33, include: /usr/include/openni2, lib: /usr/lib/x86_64-linux-gnu/libOpenNI2.so;libusb::libusb)
[13.236s] -- Found Qhull version 8.0.2
[13.456s] -- OpenNI found (version: 1.5.4.0, include: /usr/include/ni, lib: /usr/lib/libOpenNI.so;libusb::libusb)
[13.666s] -- looking for PCL_COMMON
[13.667s] -- looking for PCL_KDTREE
[13.667s] -- looking for PCL_OCTREE
[13.668s] -- looking for PCL_SEARCH
[13.668s] -- looking for PCL_SAMPLE_CONSENSUS
[13.669s] -- looking for PCL_FILTERS
[13.669s] -- looking for PCL_2D
[13.670s] -- looking for PCL_GEOMETRY
[13.670s] -- looking for PCL_IO
[13.671s] -- looking for PCL_FEATURES
[13.671s] -- looking for PCL_ML
[13.675s] -- looking for PCL_SEGMENTATION
[13.675s] -- looking for PCL_VISUALIZATION
[13.675s] -- looking for PCL_SURFACE
[13.676s] -- looking for PCL_REGISTRATION
[13.676s] -- looking for PCL_KEYPOINTS
[13.676s] -- looking for PCL_TRACKING
[13.676s] -- looking for PCL_RECOGNITION
[13.677s] -- looking for PCL_STEREO
[13.677s] -- looking for PCL_APPS
[13.679s] -- looking for PCL_IN_HAND_SCANNER
[13.679s] -- looking for PCL_MODELER
[13.679s] -- looking for PCL_POINT_CLOUD_EDITOR
[13.680s] -- looking for PCL_OUTOFCORE
[13.680s] -- looking for PCL_PEOPLE
[14.243s] -- GTSAM include directory:  /usr/local/lib/cmake/GTSAM/../../../include
[14.248s] -- Found Boost: /usr/lib/x86_64-linux-gnu/cmake/Boost-1.74.0/BoostConfig.cmake (found version "1.74.0") found components: thread serialization timer 
[14.573s] -- Configuring done
[18.230s] -- Generating done
[18.238s] -- Build files have been written to: /home/evan/code/lego-loam/lego/build/lego_loam_sr
[18.266s] Invoked command in '/home/evan/code/lego-loam/lego/build/lego_loam_sr' returned '0': CMAKE_PREFIX_PATH=${CMAKE_PREFIX_PATH}:/opt/ros/humble /usr/bin/cmake /home/evan/code/lego-loam/lego/src/LeGO-LOAM -DCMAKE_INSTALL_PREFIX=/home/evan/code/lego-loam/lego/install/lego_loam_sr
[18.267s] Invoking command in '/home/evan/code/lego-loam/lego/build/lego_loam_sr': CMAKE_PREFIX_PATH=${CMAKE_PREFIX_PATH}:/opt/ros/humble /usr/bin/cmake --build /home/evan/code/lego-loam/lego/build/lego_loam_sr -- -j4 -l4
[18.338s] [ 16%] [32mBuilding CXX object CMakeFiles/lego_loam_sr.dir/src/imageProjection.cpp.o[0m
[26.358s] [01m[K/home/evan/code/lego-loam/lego/src/LeGO-LOAM/src/imageProjection.cpp:[m[K In constructor â€˜[01m[KImageProjection::ImageProjection(const string&, Channel<ProjectionOut>&)[m[Kâ€™:
[26.359s] [01m[K/home/evan/code/lego-loam/lego/src/LeGO-LOAM/src/imageProjection.cpp:57:26:[m[K [01;31m[Kerror: [m[Kno matching function for call to â€˜[01m[KImageProjection::declare_parameter(const string&)[m[Kâ€™
[26.359s]    57 |   [01;31m[Kthis->declare_parameter(PARAM_VERTICAL_SCANS)[m[K;
[26.359s]       |   [01;31m[K~~~~~~~~~~~~~~~~~~~~~~~^~~~~~~~~~~~~~~~~~~~~~[m[K
[26.359s] In file included from [01m[K/opt/ros/humble/include/rclcpp/rclcpp/executors/single_threaded_executor.hpp:28[m[K,
[26.359s]                  from [01m[K/opt/ros/humble/include/rclcpp/rclcpp/executors.hpp:22[m[K,
[26.359s]                  from [01m[K/opt/ros/humble/include/rclcpp/rclcpp/rclcpp.hpp:155[m[K,
[26.359s]                  from [01m[K/home/evan/code/lego-loam/lego/src/LeGO-LOAM/include/lego_loam/utility.h:5[m[K,
[26.360s]                  from [01m[K/home/evan/code/lego-loam/lego/src/LeGO-LOAM/src/imageProjection.h:4[m[K,
[26.360s]                  from [01m[K/home/evan/code/lego-loam/lego/src/LeGO-LOAM/src/imageProjection.cpp:30[m[K:
[26.360s] [01m[K/opt/ros/humble/include/rclcpp/rclcpp/node.hpp:421:3:[m[K [01;36m[Knote: [m[Kcandidate: â€˜[01m[Ktemplate<class ParameterT> auto rclcpp::Node::declare_parameter(const string&, const ParameterT&, const ParameterDescriptor&, bool)[m[Kâ€™
[26.360s]   421 |   [01;36m[Kdeclare_parameter[m[K(
[26.360s]       |   [01;36m[K^~~~~~~~~~~~~~~~~[m[K
[26.360s] [01m[K/opt/ros/humble/include/rclcpp/rclcpp/node.hpp:421:3:[m[K [01;36m[Knote: [m[K  template argument deduction/substitution failed:
[26.360s] [01m[K/home/evan/code/lego-loam/lego/src/LeGO-LOAM/src/imageProjection.cpp:57:26:[m[K [01;36m[Knote: [m[K  candidate expects 4 arguments, 1 provided
[26.360s]    57 |   [01;36m[Kthis->declare_parameter(PARAM_VERTICAL_SCANS)[m[K;
[26.360s]       |   [01;36m[K~~~~~~~~~~~~~~~~~~~~~~~^~~~~~~~~~~~~~~~~~~~~~[m[K
[26.360s] In file included from [01m[K/opt/ros/humble/include/rclcpp/rclcpp/executors/single_threaded_executor.hpp:28[m[K,
[26.360s]                  from [01m[K/opt/ros/humble/include/rclcpp/rclcpp/executors.hpp:22[m[K,
[26.360s]                  from [01m[K/opt/ros/humble/include/rclcpp/rclcpp/rclcpp.hpp:155[m[K,
[26.360s]                  from [01m[K/home/evan/code/lego-loam/lego/src/LeGO-LOAM/include/lego_loam/utility.h:5[m[K,
[26.360s]                  from [01m[K/home/evan/code/lego-loam/lego/src/LeGO-LOAM/src/imageProjection.h:4[m[K,
[26.360s]                  from [01m[K/home/evan/code/lego-loam/lego/src/LeGO-LOAM/src/imageProjection.cpp:30[m[K:
[26.361s] [01m[K/opt/ros/humble/include/rclcpp/rclcpp/node.hpp:434:3:[m[K [01;36m[Knote: [m[Kcandidate: â€˜[01m[Ktemplate<class ParameterT> auto rclcpp::Node::declare_parameter(const string&, const ParameterDescriptor&, bool)[m[Kâ€™
[26.361s]   434 |   [01;36m[Kdeclare_parameter[m[K(
[26.361s]       |   [01;36m[K^~~~~~~~~~~~~~~~~[m[K
[26.361s] [01m[K/opt/ros/humble/include/rclcpp/rclcpp/node.hpp:434:3:[m[K [01;36m[Knote: [m[K  template argument deduction/substitution failed:
[26.361s] [01m[K/home/evan/code/lego-loam/lego/src/LeGO-LOAM/src/imageProjection.cpp:57:26:[m[K [01;36m[Knote: [m[K  couldnâ€™t deduce template parameter â€˜[01m[KParameterT[m[Kâ€™
[26.361s]    57 |   [01;36m[Kthis->declare_parameter(PARAM_VERTICAL_SCANS)[m[K;
[26.361s]       |   [01;36m[K~~~~~~~~~~~~~~~~~~~~~~~^~~~~~~~~~~~~~~~~~~~~~[m[K
[26.361s] In file included from [01m[K/opt/ros/humble/include/rclcpp/rclcpp/executors/single_threaded_executor.hpp:28[m[K,
[26.361s]                  from [01m[K/opt/ros/humble/include/rclcpp/rclcpp/executors.hpp:22[m[K,
[26.361s]                  from [01m[K/opt/ros/humble/include/rclcpp/rclcpp/rclcpp.hpp:155[m[K,
[26.361s]                  from [01m[K/home/evan/code/lego-loam/lego/src/LeGO-LOAM/include/lego_loam/utility.h:5[m[K,
[26.361s]                  from [01m[K/home/evan/code/lego-loam/lego/src/LeGO-LOAM/src/imageProjection.h:4[m[K,
[26.361s]                  from [01m[K/home/evan/code/lego-loam/lego/src/LeGO-LOAM/src/imageProjection.cpp:30[m[K:
[26.361s] [01m[K/opt/ros/humble/include/rclcpp/rclcpp/node.hpp:366:3:[m[K [01;36m[Knote: [m[Kcandidate: â€˜[01m[Kconst rclcpp::ParameterValue& rclcpp::Node::declare_parameter(const string&, const rclcpp::ParameterValue&, const ParameterDescriptor&, bool)[m[Kâ€™
[26.362s]   366 |   [01;36m[Kdeclare_parameter[m[K(
[26.362s]       |   [01;36m[K^~~~~~~~~~~~~~~~~[m[K
[26.362s] [01m[K/opt/ros/humble/include/rclcpp/rclcpp/node.hpp:366:3:[m[K [01;36m[Knote: [m[K  candidate expects 4 arguments, 1 provided
[26.362s] [01m[K/opt/ros/humble/include/rclcpp/rclcpp/node.hpp:391:3:[m[K [01;36m[Knote: [m[Kcandidate: â€˜[01m[Kconst rclcpp::ParameterValue& rclcpp::Node::declare_parameter(const string&, rclcpp::ParameterType, const ParameterDescriptor&, bool)[m[Kâ€™
[26.362s]   391 |   [01;36m[Kdeclare_parameter[m[K(
[26.362s]       |   [01;36m[K^~~~~~~~~~~~~~~~~[m[K
[26.362s] [01m[K/opt/ros/humble/include/rclcpp/rclcpp/node.hpp:391:3:[m[K [01;36m[Knote: [m[K  candidate expects 4 arguments, 1 provided
[26.362s] [01m[K/home/evan/code/lego-loam/lego/src/LeGO-LOAM/src/imageProjection.cpp:58:26:[m[K [01;31m[Kerror: [m[Kno matching function for call to â€˜[01m[KImageProjection::declare_parameter(const string&)[m[Kâ€™
[26.362s]    58 |   [01;31m[Kthis->declare_parameter(PARAM_HORIZONTAL_SCANS)[m[K;
[26.362s]       |   [01;31m[K~~~~~~~~~~~~~~~~~~~~~~~^~~~~~~~~~~~~~~~~~~~~~~~[m[K
[26.362s] In file included from [01m[K/opt/ros/humble/include/rclcpp/rclcpp/executors/single_threaded_executor.hpp:28[m[K,
[26.362s]                  from [01m[K/opt/ros/humble/include/rclcpp/rclcpp/executors.hpp:22[m[K,
[26.362s]                  from [01m[K/opt/ros/humble/include/rclcpp/rclcpp/rclcpp.hpp:155[m[K,
[26.362s]                  from [01m[K/home/evan/code/lego-loam/lego/src/LeGO-LOAM/include/lego_loam/utility.h:5[m[K,
[26.362s]                  from [01m[K/home/evan/code/lego-loam/lego/src/LeGO-LOAM/src/imageProjection.h:4[m[K,
[26.363s]                  from [01m[K/home/evan/code/lego-loam/lego/src/LeGO-LOAM/src/imageProjection.cpp:30[m[K:
[26.363s] [01m[K/opt/ros/humble/include/rclcpp/rclcpp/node.hpp:421:3:[m[K [01;36m[Knote: [m[Kcandidate: â€˜[01m[Ktemplate<class ParameterT> auto rclcpp::Node::declare_parameter(const string&, const ParameterT&, const ParameterDescriptor&, bool)[m[Kâ€™
[26.363s]   421 |   [01;36m[Kdeclare_parameter[m[K(
[26.363s]       |   [01;36m[K^~~~~~~~~~~~~~~~~[m[K
[26.363s] [01m[K/opt/ros/humble/include/rclcpp/rclcpp/node.hpp:421:3:[m[K [01;36m[Knote: [m[K  template argument deduction/substitution failed:
[26.363s] [01m[K/home/evan/code/lego-loam/lego/src/LeGO-LOAM/src/imageProjection.cpp:58:26:[m[K [01;36m[Knote: [m[K  candidate expects 4 arguments, 1 provided
[26.363s]    58 |   [01;36m[Kthis->declare_parameter(PARAM_HORIZONTAL_SCANS)[m[K;
[26.363s]       |   [01;36m[K~~~~~~~~~~~~~~~~~~~~~~~^~~~~~~~~~~~~~~~~~~~~~~~[m[K
[26.363s] In file included from [01m[K/opt/ros/humble/include/rclcpp/rclcpp/executors/single_threaded_executor.hpp:28[m[K,
[26.363s]                  from [01m[K/opt/ros/humble/include/rclcpp/rclcpp/executors.hpp:22[m[K,
[26.363s]                  from [01m[K/opt/ros/humble/include/rclcpp/rclcpp/rclcpp.hpp:155[m[K,
[26.363s]                  from [01m[K/home/evan/code/lego-loam/lego/src/LeGO-LOAM/include/lego_loam/utility.h:5[m[K,
[26.363s]                  from [01m[K/home/evan/code/lego-loam/lego/src/LeGO-LOAM/src/imageProjection.h:4[m[K,
[26.363s]                  from [01m[K/home/evan/code/lego-loam/lego/src/LeGO-LOAM/src/imageProjection.cpp:30[m[K:
[26.363s] [01m[K/opt/ros/humble/include/rclcpp/rclcpp/node.hpp:434:3:[m[K [01;36m[Knote: [m[Kcandidate: â€˜[01m[Ktemplate<class ParameterT> auto rclcpp::Node::declare_parameter(const string&, const ParameterDescriptor&, bool)[m[Kâ€™
[26.364s]   434 |   [01;36m[Kdeclare_parameter[m[K(
[26.364s]       |   [01;36m[K^~~~~~~~~~~~~~~~~[m[K
[26.364s] [01m[K/opt/ros/humble/include/rclcpp/rclcpp/node.hpp:434:3:[m[K [01;36m[Knote: [m[K  template argument deduction/substitution failed:
[26.364s] [01m[K/home/evan/code/lego-loam/lego/src/LeGO-LOAM/src/imageProjection.cpp:58:26:[m[K [01;36m[Knote: [m[K  couldnâ€™t deduce template parameter â€˜[01m[KParameterT[m[Kâ€™
[26.364s]    58 |   [01;36m[Kthis->declare_parameter(PARAM_HORIZONTAL_SCANS)[m[K;
[26.364s]       |   [01;36m[K~~~~~~~~~~~~~~~~~~~~~~~^~~~~~~~~~~~~~~~~~~~~~~~[m[K
[26.364s] In file included from [01m[K/opt/ros/humble/include/rclcpp/rclcpp/executors/single_threaded_executor.hpp:28[m[K,
[26.364s]                  from [01m[K/opt/ros/humble/include/rclcpp/rclcpp/executors.hpp:22[m[K,
[26.364s]                  from [01m[K/opt/ros/humble/include/rclcpp/rclcpp/rclcpp.hpp:155[m[K,
[26.364s]                  from [01m[K/home/evan/code/lego-loam/lego/src/LeGO-LOAM/include/lego_loam/utility.h:5[m[K,
[26.364s]                  from [01m[K/home/evan/code/lego-loam/lego/src/LeGO-LOAM/src/imageProjection.h:4[m[K,
[26.364s]                  from [01m[K/home/evan/code/lego-loam/lego/src/LeGO-LOAM/src/imageProjection.cpp:30[m[K:
[26.364s] [01m[K/opt/ros/humble/include/rclcpp/rclcpp/node.hpp:366:3:[m[K [01;36m[Knote: [m[Kcandidate: â€˜[01m[Kconst rclcpp::ParameterValue& rclcpp::Node::declare_parameter(const string&, const rclcpp::ParameterValue&, const ParameterDescriptor&, bool)[m[Kâ€™
[26.364s]   366 |   [01;36m[Kdeclare_parameter[m[K(
[26.364s]       |   [01;36m[K^~~~~~~~~~~~~~~~~[m[K
[26.365s] [01m[K/opt/ros/humble/include/rclcpp/rclcpp/node.hpp:366:3:[m[K [01;36m[Knote: [m[K  candidate expects 4 arguments, 1 provided
[26.365s] [01m[K/opt/ros/humble/include/rclcpp/rclcpp/node.hpp:391:3:[m[K [01;36m[Knote: [m[Kcandidate: â€˜[01m[Kconst rclcpp::ParameterValue& rclcpp::Node::declare_parameter(const string&, rclcpp::ParameterType, const ParameterDescriptor&, bool)[m[Kâ€™
[26.365s]   391 |   [01;36m[Kdeclare_parameter[m[K(
[26.365s]       |   [01;36m[K^~~~~~~~~~~~~~~~~[m[K
[26.365s] [01m[K/opt/ros/humble/include/rclcpp/rclcpp/node.hpp:391:3:[m[K [01;36m[Knote: [m[K  candidate expects 4 arguments, 1 provided
[26.365s] [01m[K/home/evan/code/lego-loam/lego/src/LeGO-LOAM/src/imageProjection.cpp:59:26:[m[K [01;31m[Kerror: [m[Kno matching function for call to â€˜[01m[KImageProjection::declare_parameter(const string&)[m[Kâ€™
[26.365s]    59 |   [01;31m[Kthis->declare_parameter(PARAM_ANGLE_BOTTOM)[m[K;
[26.365s]       |   [01;31m[K~~~~~~~~~~~~~~~~~~~~~~~^~~~~~~~~~~~~~~~~~~~[m[K
[26.365s] In file included from [01m[K/opt/ros/humble/include/rclcpp/rclcpp/executors/single_threaded_executor.hpp:28[m[K,
[26.365s]                  from [01m[K/opt/ros/humble/include/rclcpp/rclcpp/executors.hpp:22[m[K,
[26.365s]                  from [01m[K/opt/ros/humble/include/rclcpp/rclcpp/rclcpp.hpp:155[m[K,
[26.365s]                  from [01m[K/home/evan/code/lego-loam/lego/src/LeGO-LOAM/include/lego_loam/utility.h:5[m[K,
[26.365s]                  from [01m[K/home/evan/code/lego-loam/lego/src/LeGO-LOAM/src/imageProjection.h:4[m[K,
[26.365s]                  from [01m[K/home/evan/code/lego-loam/lego/src/LeGO-LOAM/src/imageProjection.cpp:30[m[K:
[26.365s] [01m[K/opt/ros/humble/include/rclcpp/rclcpp/node.hpp:421:3:[m[K [01;36m[Knote: [m[Kcandidate: â€˜[01m[Ktemplate<class ParameterT> auto rclcpp::Node::declare_parameter(const string&, const ParameterT&, const ParameterDescriptor&, bool)[m[Kâ€™
[26.366s]   421 |   [01;36m[Kdeclare_parameter[m[K(
[26.366s]       |   [01;36m[K^~~~~~~~~~~~~~~~~[m[K
[26.366s] [01m[K/opt/ros/humble/include/rclcpp/rclcpp/node.hpp:421:3:[m[K [01;36m[Knote: [m[K  template argument deduction/substitution failed:
[26.366s] [01m[K/home/evan/code/lego-loam/lego/src/LeGO-LOAM/src/imageProjection.cpp:59:26:[m[K [01;36m[Knote: [m[K  candidate expects 4 arguments, 1 provided
[26.366s]    59 |   [01;36m[Kthis->declare_parameter(PARAM_ANGLE_BOTTOM)[m[K;
[26.366s]       |   [01;36m[K~~~~~~~~~~~~~~~~~~~~~~~^~~~~~~~~~~~~~~~~~~~[m[K
[26.366s] In file included from [01m[K/opt/ros/humble/include/rclcpp/rclcpp/executors/single_threaded_executor.hpp:28[m[K,
[26.366s]                  from [01m[K/opt/ros/humble/include/rclcpp/rclcpp/executors.hpp:22[m[K,
[26.366s]                  from [01m[K/opt/ros/humble/include/rclcpp/rclcpp/rclcpp.hpp:155[m[K,
[26.366s]                  from [01m[K/home/evan/code/lego-loam/lego/src/LeGO-LOAM/include/lego_loam/utility.h:5[m[K,
[26.366s]                  from [01m[K/home/evan/code/lego-loam/lego/src/LeGO-LOAM/src/imageProjection.h:4[m[K,
[26.366s]                  from [01m[K/home/evan/code/lego-loam/lego/src/LeGO-LOAM/src/imageProjection.cpp:30[m[K:
[26.366s] [01m[K/opt/ros/humble/include/rclcpp/rclcpp/node.hpp:434:3:[m[K [01;36m[Knote: [m[Kcandidate: â€˜[01m[Ktemplate<class ParameterT> auto rclcpp::Node::declare_parameter(const string&, const ParameterDescriptor&, bool)[m[Kâ€™
[26.366s]   434 |   [01;36m[Kdeclare_parameter[m[K(
[26.367s]       |   [01;36m[K^~~~~~~~~~~~~~~~~[m[K
[26.367s] [01m[K/opt/ros/humble/include/rclcpp/rclcpp/node.hpp:434:3:[m[K [01;36m[Knote: [m[K  template argument deduction/substitution failed:
[26.367s] [01m[K/home/evan/code/lego-loam/lego/src/LeGO-LOAM/src/imageProjection.cpp:59:26:[m[K [01;36m[Knote: [m[K  couldnâ€™t deduce template parameter â€˜[01m[KParameterT[m[Kâ€™
[26.367s]    59 |   [01;36m[Kthis->declare_parameter(PARAM_ANGLE_BOTTOM)[m[K;
[26.367s]       |   [01;36m[K~~~~~~~~~~~~~~~~~~~~~~~^~~~~~~~~~~~~~~~~~~~[m[K
[26.367s] In file included from [01m[K/opt/ros/humble/include/rclcpp/rclcpp/executors/single_threaded_executor.hpp:28[m[K,
[26.367s]                  from [01m[K/opt/ros/humble/include/rclcpp/rclcpp/executors.hpp:22[m[K,
[26.367s]                  from [01m[K/opt/ros/humble/include/rclcpp/rclcpp/rclcpp.hpp:155[m[K,
[26.367s]                  from [01m[K/home/evan/code/lego-loam/lego/src/LeGO-LOAM/include/lego_loam/utility.h:5[m[K,
[26.367s]                  from [01m[K/home/evan/code/lego-loam/lego/src/LeGO-LOAM/src/imageProjection.h:4[m[K,
[26.367s]                  from [01m[K/home/evan/code/lego-loam/lego/src/LeGO-LOAM/src/imageProjection.cpp:30[m[K:
[26.367s] [01m[K/opt/ros/humble/include/rclcpp/rclcpp/node.hpp:366:3:[m[K [01;36m[Knote: [m[Kcandidate: â€˜[01m[Kconst rclcpp::ParameterValue& rclcpp::Node::declare_parameter(const string&, const rclcpp::ParameterValue&, const ParameterDescriptor&, bool)[m[Kâ€™
[26.367s]   366 |   [01;36m[Kdeclare_parameter[m[K(
[26.367s]       |   [01;36m[K^~~~~~~~~~~~~~~~~[m[K
[26.368s] [01m[K/opt/ros/humble/include/rclcpp/rclcpp/node.hpp:366:3:[m[K [01;36m[Knote: [m[K  candidate expects 4 arguments, 1 provided
[26.368s] [01m[K/opt/ros/humble/include/rclcpp/rclcpp/node.hpp:391:3:[m[K [01;36m[Knote: [m[Kcandidate: â€˜[01m[Kconst rclcpp::ParameterValue& rclcpp::Node::declare_parameter(const string&, rclcpp::ParameterType, const ParameterDescriptor&, bool)[m[Kâ€™
[26.368s]   391 |   [01;36m[Kdeclare_parameter[m[K(
[26.368s]       |   [01;36m[K^~~~~~~~~~~~~~~~~[m[K
[26.368s] [01m[K/opt/ros/humble/include/rclcpp/rclcpp/node.hpp:391:3:[m[K [01;36m[Knote: [m[K  candidate expects 4 arguments, 1 provided
[26.368s] [01m[K/home/evan/code/lego-loam/lego/src/LeGO-LOAM/src/imageProjection.cpp:60:26:[m[K [01;31m[Kerror: [m[Kno matching function for call to â€˜[01m[KImageProjection::declare_parameter(const string&)[m[Kâ€™
[26.368s]    60 |   [01;31m[Kthis->declare_parameter(PARAM_ANGLE_TOP)[m[K;
[26.368s]       |   [01;31m[K~~~~~~~~~~~~~~~~~~~~~~~^~~~~~~~~~~~~~~~~[m[K
[26.368s] In file included from [01m[K/opt/ros/humble/include/rclcpp/rclcpp/executors/single_threaded_executor.hpp:28[m[K,
[26.368s]                  from [01m[K/opt/ros/humble/include/rclcpp/rclcpp/executors.hpp:22[m[K,
[26.368s]                  from [01m[K/opt/ros/humble/include/rclcpp/rclcpp/rclcpp.hpp:155[m[K,
[26.368s]                  from [01m[K/home/evan/code/lego-loam/lego/src/LeGO-LOAM/include/lego_loam/utility.h:5[m[K,
[26.368s]                  from [01m[K/home/evan/code/lego-loam/lego/src/LeGO-LOAM/src/imageProjection.h:4[m[K,
[26.368s]                  from [01m[K/home/evan/code/lego-loam/lego/src/LeGO-LOAM/src/imageProjection.cpp:30[m[K:
[26.369s] [01m[K/opt/ros/humble/include/rclcpp/rclcpp/node.hpp:421:3:[m[K [01;36m[Knote: [m[Kcandidate: â€˜[01m[Ktemplate<class ParameterT> auto rclcpp::Node::declare_parameter(const string&, const ParameterT&, const ParameterDescriptor&, bool)[m[Kâ€™
[26.369s]   421 |   [01;36m[Kdeclare_parameter[m[K(
[26.369s]       |   [01;36m[K^~~~~~~~~~~~~~~~~[m[K
[26.369s] [01m[K/opt/ros/humble/include/rclcpp/rclcpp/node.hpp:421:3:[m[K [01;36m[Knote: [m[K  template argument deduction/substitution failed:
[26.369s] [01m[K/home/evan/code/lego-loam/lego/src/LeGO-LOAM/src/imageProjection.cpp:60:26:[m[K [01;36m[Knote: [m[K  candidate expects 4 arguments, 1 provided
[26.369s]    60 |   [01;36m[Kthis->declare_parameter(PARAM_ANGLE_TOP)[m[K;
[26.369s]       |   [01;36m[K~~~~~~~~~~~~~~~~~~~~~~~^~~~~~~~~~~~~~~~~[m[K
[26.369s] In file included from [01m[K/opt/ros/humble/include/rclcpp/rclcpp/executors/single_threaded_executor.hpp:28[m[K,
[26.369s]                  from [01m[K/opt/ros/humble/include/rclcpp/rclcpp/executors.hpp:22[m[K,
[26.369s]                  from [01m[K/opt/ros/humble/include/rclcpp/rclcpp/rclcpp.hpp:155[m[K,
[26.369s]                  from [01m[K/home/evan/code/lego-loam/lego/src/LeGO-LOAM/include/lego_loam/utility.h:5[m[K,
[26.369s]                  from [01m[K/home/evan/code/lego-loam/lego/src/LeGO-LOAM/src/imageProjection.h:4[m[K,
[26.370s]                  from [01m[K/home/evan/code/lego-loam/lego/src/LeGO-LOAM/src/imageProjection.cpp:30[m[K:
[26.370s] [01m[K/opt/ros/humble/include/rclcpp/rclcpp/node.hpp:434:3:[m[K [01;36m[Knote: [m[Kcandidate: â€˜[01m[Ktemplate<class ParameterT> auto rclcpp::Node::declare_parameter(const string&, const ParameterDescriptor&, bool)[m[Kâ€™
[26.370s]   434 |   [01;36m[Kdeclare_parameter[m[K(
[26.370s]       |   [01;36m[K^~~~~~~~~~~~~~~~~[m[K
[26.370s] [01m[K/opt/ros/humble/include/rclcpp/rclcpp/node.hpp:434:3:[m[K [01;36m[Knote: [m[K  template argument deduction/substitution failed:
[26.370s] [01m[K/home/evan/code/lego-loam/lego/src/LeGO-LOAM/src/imageProjection.cpp:60:26:[m[K [01;36m[Knote: [m[K  couldnâ€™t deduce template parameter â€˜[01m[KParameterT[m[Kâ€™
[26.370s]    60 |   [01;36m[Kthis->declare_parameter(PARAM_ANGLE_TOP)[m[K;
[26.370s]       |   [01;36m[K~~~~~~~~~~~~~~~~~~~~~~~^~~~~~~~~~~~~~~~~[m[K
[26.370s] In file included from [01m[K/opt/ros/humble/include/rclcpp/rclcpp/executors/single_threaded_executor.hpp:28[m[K,
[26.370s]                  from [01m[K/opt/ros/humble/include/rclcpp/rclcpp/executors.hpp:22[m[K,
[26.370s]                  from [01m[K/opt/ros/humble/include/rclcpp/rclcpp/rclcpp.hpp:155[m[K,
[26.370s]                  from [01m[K/home/evan/code/lego-loam/lego/src/LeGO-LOAM/include/lego_loam/utility.h:5[m[K,
[26.370s]                  from [01m[K/home/evan/code/lego-loam/lego/src/LeGO-LOAM/src/imageProjection.h:4[m[K,
[26.370s]                  from [01m[K/home/evan/code/lego-loam/lego/src/LeGO-LOAM/src/imageProjection.cpp:30[m[K:
[26.371s] [01m[K/opt/ros/humble/include/rclcpp/rclcpp/node.hpp:366:3:[m[K [01;36m[Knote: [m[Kcandidate: â€˜[01m[Kconst rclcpp::ParameterValue& rclcpp::Node::declare_parameter(const string&, const rclcpp::ParameterValue&, const ParameterDescriptor&, bool)[m[Kâ€™
[26.371s]   366 |   [01;36m[Kdeclare_parameter[m[K(
[26.371s]       |   [01;36m[K^~~~~~~~~~~~~~~~~[m[K
[26.371s] [01m[K/opt/ros/humble/include/rclcpp/rclcpp/node.hpp:366:3:[m[K [01;36m[Knote: [m[K  candidate expects 4 arguments, 1 provided
[26.371s] [01m[K/opt/ros/humble/include/rclcpp/rclcpp/node.hpp:391:3:[m[K [01;36m[Knote: [m[Kcandidate: â€˜[01m[Kconst rclcpp::ParameterValue& rclcpp::Node::declare_parameter(const string&, rclcpp::ParameterType, const ParameterDescriptor&, bool)[m[Kâ€™
[26.371s]   391 |   [01;36m[Kdeclare_parameter[m[K(
[26.371s]       |   [01;36m[K^~~~~~~~~~~~~~~~~[m[K
[26.371s] [01m[K/opt/ros/humble/include/rclcpp/rclcpp/node.hpp:391:3:[m[K [01;36m[Knote: [m[K  candidate expects 4 arguments, 1 provided
[26.371s] [01m[K/home/evan/code/lego-loam/lego/src/LeGO-LOAM/src/imageProjection.cpp:61:26:[m[K [01;31m[Kerror: [m[Kno matching function for call to â€˜[01m[KImageProjection::declare_parameter(const string&)[m[Kâ€™
[26.371s]    61 |   [01;31m[Kthis->declare_parameter(PARAM_GROUND_INDEX)[m[K;
[26.371s]       |   [01;31m[K~~~~~~~~~~~~~~~~~~~~~~~^~~~~~~~~~~~~~~~~~~~[m[K
[26.371s] In file included from [01m[K/opt/ros/humble/include/rclcpp/rclcpp/executors/single_threaded_executor.hpp:28[m[K,
[26.371s]                  from [01m[K/opt/ros/humble/include/rclcpp/rclcpp/executors.hpp:22[m[K,
[26.371s]                  from [01m[K/opt/ros/humble/include/rclcpp/rclcpp/rclcpp.hpp:155[m[K,
[26.372s]                  from [01m[K/home/evan/code/lego-loam/lego/src/LeGO-LOAM/include/lego_loam/utility.h:5[m[K,
[26.372s]                  from [01m[K/home/evan/code/lego-loam/lego/src/LeGO-LOAM/src/imageProjection.h:4[m[K,
[26.372s]                  from [01m[K/home/evan/code/lego-loam/lego/src/LeGO-LOAM/src/imageProjection.cpp:30[m[K:
[26.372s] [01m[K/opt/ros/humble/include/rclcpp/rclcpp/node.hpp:421:3:[m[K [01;36m[Knote: [m[Kcandidate: â€˜[01m[Ktemplate<class ParameterT> auto rclcpp::Node::declare_parameter(const string&, const ParameterT&, const ParameterDescriptor&, bool)[m[Kâ€™
[26.372s]   421 |   [01;36m[Kdeclare_parameter[m[K(
[26.372s]       |   [01;36m[K^~~~~~~~~~~~~~~~~[m[K
[26.372s] [01m[K/opt/ros/humble/include/rclcpp/rclcpp/node.hpp:421:3:[m[K [01;36m[Knote: [m[K  template argument deduction/substitution failed:
[26.372s] [01m[K/home/evan/code/lego-loam/lego/src/LeGO-LOAM/src/imageProjection.cpp:61:26:[m[K [01;36m[Knote: [m[K  candidate expects 4 arguments, 1 provided
[26.372s]    61 |   [01;36m[Kthis->declare_parameter(PARAM_GROUND_INDEX)[m[K;
[26.372s]       |   [01;36m[K~~~~~~~~~~~~~~~~~~~~~~~^~~~~~~~~~~~~~~~~~~~[m[K
[26.372s] In file included from [01m[K/opt/ros/humble/include/rclcpp/rclcpp/executors/single_threaded_executor.hpp:28[m[K,
[26.372s]                  from [01m[K/opt/ros/humble/include/rclcpp/rclcpp/executors.hpp:22[m[K,
[26.372s]                  from [01m[K/opt/ros/humble/include/rclcpp/rclcpp/rclcpp.hpp:155[m[K,
[26.372s]                  from [01m[K/home/evan/code/lego-loam/lego/src/LeGO-LOAM/include/lego_loam/utility.h:5[m[K,
[26.373s]                  from [01m[K/home/evan/code/lego-loam/lego/src/LeGO-LOAM/src/imageProjection.h:4[m[K,
[26.373s]                  from [01m[K/home/evan/code/lego-loam/lego/src/LeGO-LOAM/src/imageProjection.cpp:30[m[K:
[26.373s] [01m[K/opt/ros/humble/include/rclcpp/rclcpp/node.hpp:434:3:[m[K [01;36m[Knote: [m[Kcandidate: â€˜[01m[Ktemplate<class ParameterT> auto rclcpp::Node::declare_parameter(const string&, const ParameterDescriptor&, bool)[m[Kâ€™
[26.373s]   434 |   [01;36m[Kdeclare_parameter[m[K(
[26.373s]       |   [01;36m[K^~~~~~~~~~~~~~~~~[m[K
[26.373s] [01m[K/opt/ros/humble/include/rclcpp/rclcpp/node.hpp:434:3:[m[K [01;36m[Knote: [m[K  template argument deduction/substitution failed:
[26.373s] [01m[K/home/evan/code/lego-loam/lego/src/LeGO-LOAM/src/imageProjection.cpp:61:26:[m[K [01;36m[Knote: [m[K  couldnâ€™t deduce template parameter â€˜[01m[KParameterT[m[Kâ€™
[26.373s]    61 |   [01;36m[Kthis->declare_parameter(PARAM_GROUND_INDEX)[m[K;
[26.373s]       |   [01;36m[K~~~~~~~~~~~~~~~~~~~~~~~^~~~~~~~~~~~~~~~~~~~[m[K
[26.373s] In file included from [01m[K/opt/ros/humble/include/rclcpp/rclcpp/executors/single_threaded_executor.hpp:28[m[K,
[26.373s]                  from [01m[K/opt/ros/humble/include/rclcpp/rclcpp/executors.hpp:22[m[K,
[26.373s]                  from [01m[K/opt/ros/humble/include/rclcpp/rclcpp/rclcpp.hpp:155[m[K,
[26.373s]                  from [01m[K/home/evan/code/lego-loam/lego/src/LeGO-LOAM/include/lego_loam/utility.h:5[m[K,
[26.373s]                  from [01m[K/home/evan/code/lego-loam/lego/src/LeGO-LOAM/src/imageProjection.h:4[m[K,
[26.373s]                  from [01m[K/home/evan/code/lego-loam/lego/src/LeGO-LOAM/src/imageProjection.cpp:30[m[K:
[26.373s] [01m[K/opt/ros/humble/include/rclcpp/rclcpp/node.hpp:366:3:[m[K [01;36m[Knote: [m[Kcandidate: â€˜[01m[Kconst rclcpp::ParameterValue& rclcpp::Node::declare_parameter(const string&, const rclcpp::ParameterValue&, const ParameterDescriptor&, bool)[m[Kâ€™
[26.374s]   366 |   [01;36m[Kdeclare_parameter[m[K(
[26.374s]       |   [01;36m[K^~~~~~~~~~~~~~~~~[m[K
[26.374s] [01m[K/opt/ros/humble/include/rclcpp/rclcpp/node.hpp:366:3:[m[K [01;36m[Knote: [m[K  candidate expects 4 arguments, 1 provided
[26.374s] [01m[K/opt/ros/humble/include/rclcpp/rclcpp/node.hpp:391:3:[m[K [01;36m[Knote: [m[Kcandidate: â€˜[01m[Kconst rclcpp::ParameterValue& rclcpp::Node::declare_parameter(const string&, rclcpp::ParameterType, const ParameterDescriptor&, bool)[m[Kâ€™
[26.374s]   391 |   [01;36m[Kdeclare_parameter[m[K(
[26.374s]       |   [01;36m[K^~~~~~~~~~~~~~~~~[m[K
[26.374s] [01m[K/opt/ros/humble/include/rclcpp/rclcpp/node.hpp:391:3:[m[K [01;36m[Knote: [m[K  candidate expects 4 arguments, 1 provided
[26.374s] [01m[K/home/evan/code/lego-loam/lego/src/LeGO-LOAM/src/imageProjection.cpp:62:26:[m[K [01;31m[Kerror: [m[Kno matching function for call to â€˜[01m[KImageProjection::declare_parameter(const string&)[m[Kâ€™
[26.374s]    62 |   [01;31m[Kthis->declare_parameter(PARAM_SENSOR_ANGLE)[m[K;
[26.374s]       |   [01;31m[K~~~~~~~~~~~~~~~~~~~~~~~^~~~~~~~~~~~~~~~~~~~[m[K
[26.374s] In file included from [01m[K/opt/ros/humble/include/rclcpp/rclcpp/executors/single_threaded_executor.hpp:28[m[K,
[26.374s]                  from [01m[K/opt/ros/humble/include/rclcpp/rclcpp/executors.hpp:22[m[K,
[26.374s]                  from [01m[K/opt/ros/humble/include/rclcpp/rclcpp/rclcpp.hpp:155[m[K,
[26.374s]                  from [01m[K/home/evan/code/lego-loam/lego/src/LeGO-LOAM/include/lego_loam/utility.h:5[m[K,
[26.375s]                  from [01m[K/home/evan/code/lego-loam/lego/src/LeGO-LOAM/src/imageProjection.h:4[m[K,
[26.375s]                  from [01m[K/home/evan/code/lego-loam/lego/src/LeGO-LOAM/src/imageProjection.cpp:30[m[K:
[26.375s] [01m[K/opt/ros/humble/include/rclcpp/rclcpp/node.hpp:421:3:[m[K [01;36m[Knote: [m[Kcandidate: â€˜[01m[Ktemplate<class ParameterT> auto rclcpp::Node::declare_parameter(const string&, const ParameterT&, const ParameterDescriptor&, bool)[m[Kâ€™
[26.375s]   421 |   [01;36m[Kdeclare_parameter[m[K(
[26.375s]       |   [01;36m[K^~~~~~~~~~~~~~~~~[m[K
[26.375s] [01m[K/opt/ros/humble/include/rclcpp/rclcpp/node.hpp:421:3:[m[K [01;36m[Knote: [m[K  template argument deduction/substitution failed:
[26.375s] [01m[K/home/evan/code/lego-loam/lego/src/LeGO-LOAM/src/imageProjection.cpp:62:26:[m[K [01;36m[Knote: [m[K  candidate expects 4 arguments, 1 provided
[26.375s]    62 |   [01;36m[Kthis->declare_parameter(PARAM_SENSOR_ANGLE)[m[K;
[26.375s]       |   [01;36m[K~~~~~~~~~~~~~~~~~~~~~~~^~~~~~~~~~~~~~~~~~~~[m[K
[26.375s] In file included from [01m[K/opt/ros/humble/include/rclcpp/rclcpp/executors/single_threaded_executor.hpp:28[m[K,
[26.375s]                  from [01m[K/opt/ros/humble/include/rclcpp/rclcpp/executors.hpp:22[m[K,
[26.375s]                  from [01m[K/opt/ros/humble/include/rclcpp/rclcpp/rclcpp.hpp:155[m[K,
[26.375s]                  from [01m[K/home/evan/code/lego-loam/lego/src/LeGO-LOAM/include/lego_loam/utility.h:5[m[K,
[26.375s]                  from [01m[K/home/evan/code/lego-loam/lego/src/LeGO-LOAM/src/imageProjection.h:4[m[K,
[26.375s]                  from [01m[K/home/evan/code/lego-loam/lego/src/LeGO-LOAM/src/imageProjection.cpp:30[m[K:
[26.376s] [01m[K/opt/ros/humble/include/rclcpp/rclcpp/node.hpp:434:3:[m[K [01;36m[Knote: [m[Kcandidate: â€˜[01m[Ktemplate<class ParameterT> auto rclcpp::Node::declare_parameter(const string&, const ParameterDescriptor&, bool)[m[Kâ€™
[26.376s]   434 |   [01;36m[Kdeclare_parameter[m[K(
[26.376s]       |   [01;36m[K^~~~~~~~~~~~~~~~~[m[K
[26.376s] [01m[K/opt/ros/humble/include/rclcpp/rclcpp/node.hpp:434:3:[m[K [01;36m[Knote: [m[K  template argument deduction/substitution failed:
[26.376s] [01m[K/home/evan/code/lego-loam/lego/src/LeGO-LOAM/src/imageProjection.cpp:62:26:[m[K [01;36m[Knote: [m[K  couldnâ€™t deduce template parameter â€˜[01m[KParameterT[m[Kâ€™
[26.376s]    62 |   [01;36m[Kthis->declare_parameter(PARAM_SENSOR_ANGLE)[m[K;
[26.376s]       |   [01;36m[K~~~~~~~~~~~~~~~~~~~~~~~^~~~~~~~~~~~~~~~~~~~[m[K
[26.376s] In file included from [01m[K/opt/ros/humble/include/rclcpp/rclcpp/executors/single_threaded_executor.hpp:28[m[K,
[26.376s]                  from [01m[K/opt/ros/humble/include/rclcpp/rclcpp/executors.hpp:22[m[K,
[26.376s]                  from [01m[K/opt/ros/humble/include/rclcpp/rclcpp/rclcpp.hpp:155[m[K,
[26.376s]                  from [01m[K/home/evan/code/lego-loam/lego/src/LeGO-LOAM/include/lego_loam/utility.h:5[m[K,
[26.376s]                  from [01m[K/home/evan/code/lego-loam/lego/src/LeGO-LOAM/src/imageProjection.h:4[m[K,
[26.376s]                  from [01m[K/home/evan/code/lego-loam/lego/src/LeGO-LOAM/src/imageProjection.cpp:30[m[K:
[26.376s] [01m[K/opt/ros/humble/include/rclcpp/rclcpp/node.hpp:366:3:[m[K [01;36m[Knote: [m[Kcandidate: â€˜[01m[Kconst rclcpp::ParameterValue& rclcpp::Node::declare_parameter(const string&, const rclcpp::ParameterValue&, const ParameterDescriptor&, bool)[m[Kâ€™
[26.376s]   366 |   [01;36m[Kdeclare_parameter[m[K(
[26.376s]       |   [01;36m[K^~~~~~~~~~~~~~~~~[m[K
[26.377s] [01m[K/opt/ros/humble/include/rclcpp/rclcpp/node.hpp:366:3:[m[K [01;36m[Knote: [m[K  candidate expects 4 arguments, 1 provided
[26.377s] [01m[K/opt/ros/humble/include/rclcpp/rclcpp/node.hpp:391:3:[m[K [01;36m[Knote: [m[Kcandidate: â€˜[01m[Kconst rclcpp::ParameterValue& rclcpp::Node::declare_parameter(const string&, rclcpp::ParameterType, const ParameterDescriptor&, bool)[m[Kâ€™
[26.377s]   391 |   [01;36m[Kdeclare_parameter[m[K(
[26.377s]       |   [01;36m[K^~~~~~~~~~~~~~~~~[m[K
[26.377s] [01m[K/opt/ros/humble/include/rclcpp/rclcpp/node.hpp:391:3:[m[K [01;36m[Knote: [m[K  candidate expects 4 arguments, 1 provided
[26.377s] [01m[K/home/evan/code/lego-loam/lego/src/LeGO-LOAM/src/imageProjection.cpp:63:26:[m[K [01;31m[Kerror: [m[Kno matching function for call to â€˜[01m[KImageProjection::declare_parameter(const string&)[m[Kâ€™
[26.377s]    63 |   [01;31m[Kthis->declare_parameter(PARAM_SEGMENT_THETA)[m[K;
[26.377s]       |   [01;31m[K~~~~~~~~~~~~~~~~~~~~~~~^~~~~~~~~~~~~~~~~~~~~[m[K
[26.377s] In file included from [01m[K/opt/ros/humble/include/rclcpp/rclcpp/executors/single_threaded_executor.hpp:28[m[K,
[26.377s]                  from [01m[K/opt/ros/humble/include/rclcpp/rclcpp/executors.hpp:22[m[K,
[26.377s]                  from [01m[K/opt/ros/humble/include/rclcpp/rclcpp/rclcpp.hpp:155[m[K,
[26.377s]                  from [01m[K/home/evan/code/lego-loam/lego/src/LeGO-LOAM/include/lego_loam/utility.h:5[m[K,
[26.377s]                  from [01m[K/home/evan/code/lego-loam/lego/src/LeGO-LOAM/src/imageProjection.h:4[m[K,
[26.377s]                  from [01m[K/home/evan/code/lego-loam/lego/src/LeGO-LOAM/src/imageProjection.cpp:30[m[K:
[26.377s] [01m[K/opt/ros/humble/include/rclcpp/rclcpp/node.hpp:421:3:[m[K [01;36m[Knote: [m[Kcandidate: â€˜[01m[Ktemplate<class ParameterT> auto rclcpp::Node::declare_parameter(const string&, const ParameterT&, const ParameterDescriptor&, bool)[m[Kâ€™
[26.378s]   421 |   [01;36m[Kdeclare_parameter[m[K(
[26.378s]       |   [01;36m[K^~~~~~~~~~~~~~~~~[m[K
[26.378s] [01m[K/opt/ros/humble/include/rclcpp/rclcpp/node.hpp:421:3:[m[K [01;36m[Knote: [m[K  template argument deduction/substitution failed:
[26.378s] [01m[K/home/evan/code/lego-loam/lego/src/LeGO-LOAM/src/imageProjection.cpp:63:26:[m[K [01;36m[Knote: [m[K  candidate expects 4 arguments, 1 provided
[26.378s]    63 |   [01;36m[Kthis->declare_parameter(PARAM_SEGMENT_THETA)[m[K;
[26.378s]       |   [01;36m[K~~~~~~~~~~~~~~~~~~~~~~~^~~~~~~~~~~~~~~~~~~~~[m[K
[26.378s] In file included from [01m[K/opt/ros/humble/include/rclcpp/rclcpp/executors/single_threaded_executor.hpp:28[m[K,
[26.378s]                  from [01m[K/opt/ros/humble/include/rclcpp/rclcpp/executors.hpp:22[m[K,
[26.378s]                  from [01m[K/opt/ros/humble/include/rclcpp/rclcpp/rclcpp.hpp:155[m[K,
[26.378s]                  from [01m[K/home/evan/code/lego-loam/lego/src/LeGO-LOAM/include/lego_loam/utility.h:5[m[K,
[26.378s]                  from [01m[K/home/evan/code/lego-loam/lego/src/LeGO-LOAM/src/imageProjection.h:4[m[K,
[26.378s]                  from [01m[K/home/evan/code/lego-loam/lego/src/LeGO-LOAM/src/imageProjection.cpp:30[m[K:
[26.378s] [01m[K/opt/ros/humble/include/rclcpp/rclcpp/node.hpp:434:3:[m[K [01;36m[Knote: [m[Kcandidate: â€˜[01m[Ktemplate<class ParameterT> auto rclcpp::Node::declare_parameter(const string&, const ParameterDescriptor&, bool)[m[Kâ€™
[26.378s]   434 |   [01;36m[Kdeclare_parameter[m[K(
[26.378s]       |   [01;36m[K^~~~~~~~~~~~~~~~~[m[K
[26.379s] [01m[K/opt/ros/humble/include/rclcpp/rclcpp/node.hpp:434:3:[m[K [01;36m[Knote: [m[K  template argument deduction/substitution failed:
[26.379s] [01m[K/home/evan/code/lego-loam/lego/src/LeGO-LOAM/src/imageProjection.cpp:63:26:[m[K [01;36m[Knote: [m[K  couldnâ€™t deduce template parameter â€˜[01m[KParameterT[m[Kâ€™
[26.379s]    63 |   [01;36m[Kthis->declare_parameter(PARAM_SEGMENT_THETA)[m[K;
[26.379s]       |   [01;36m[K~~~~~~~~~~~~~~~~~~~~~~~^~~~~~~~~~~~~~~~~~~~~[m[K
[26.379s] In file included from [01m[K/opt/ros/humble/include/rclcpp/rclcpp/executors/single_threaded_executor.hpp:28[m[K,
[26.379s]                  from [01m[K/opt/ros/humble/include/rclcpp/rclcpp/executors.hpp:22[m[K,
[26.379s]                  from [01m[K/opt/ros/humble/include/rclcpp/rclcpp/rclcpp.hpp:155[m[K,
[26.379s]                  from [01m[K/home/evan/code/lego-loam/lego/src/LeGO-LOAM/include/lego_loam/utility.h:5[m[K,
[26.379s]                  from [01m[K/home/evan/code/lego-loam/lego/src/LeGO-LOAM/src/imageProjection.h:4[m[K,
[26.379s]                  from [01m[K/home/evan/code/lego-loam/lego/src/LeGO-LOAM/src/imageProjection.cpp:30[m[K:
[26.379s] [01m[K/opt/ros/humble/include/rclcpp/rclcpp/node.hpp:366:3:[m[K [01;36m[Knote: [m[Kcandidate: â€˜[01m[Kconst rclcpp::ParameterValue& rclcpp::Node::declare_parameter(const string&, const rclcpp::ParameterValue&, const ParameterDescriptor&, bool)[m[Kâ€™
[26.379s]   366 |   [01;36m[Kdeclare_parameter[m[K(
[26.379s]       |   [01;36m[K^~~~~~~~~~~~~~~~~[m[K
[26.379s] [01m[K/opt/ros/humble/include/rclcpp/rclcpp/node.hpp:366:3:[m[K [01;36m[Knote: [m[K  candidate expects 4 arguments, 1 provided
[26.379s] [01m[K/opt/ros/humble/include/rclcpp/rclcpp/node.hpp:391:3:[m[K [01;36m[Knote: [m[Kcandidate: â€˜[01m[Kconst rclcpp::ParameterValue& rclcpp::Node::declare_parameter(const string&, rclcpp::ParameterType, const ParameterDescriptor&, bool)[m[Kâ€™
[26.380s]   391 |   [01;36m[Kdeclare_parameter[m[K(
[26.380s]       |   [01;36m[K^~~~~~~~~~~~~~~~~[m[K
[26.380s] [01m[K/opt/ros/humble/include/rclcpp/rclcpp/node.hpp:391:3:[m[K [01;36m[Knote: [m[K  candidate expects 4 arguments, 1 provided
[26.380s] [01m[K/home/evan/code/lego-loam/lego/src/LeGO-LOAM/src/imageProjection.cpp:64:26:[m[K [01;31m[Kerror: [m[Kno matching function for call to â€˜[01m[KImageProjection::declare_parameter(const string&)[m[Kâ€™
[26.380s]    64 |   [01;31m[Kthis->declare_parameter(PARAM_SEGMENT_POINT)[m[K;
[26.380s]       |   [01;31m[K~~~~~~~~~~~~~~~~~~~~~~~^~~~~~~~~~~~~~~~~~~~~[m[K
[26.380s] In file included from [01m[K/opt/ros/humble/include/rclcpp/rclcpp/executors/single_threaded_executor.hpp:28[m[K,
[26.380s]                  from [01m[K/opt/ros/humble/include/rclcpp/rclcpp/executors.hpp:22[m[K,
[26.380s]                  from [01m[K/opt/ros/humble/include/rclcpp/rclcpp/rclcpp.hpp:155[m[K,
[26.380s]                  from [01m[K/home/evan/code/lego-loam/lego/src/LeGO-LOAM/include/lego_loam/utility.h:5[m[K,
[26.380s]                  from [01m[K/home/evan/code/lego-loam/lego/src/LeGO-LOAM/src/imageProjection.h:4[m[K,
[26.380s]                  from [01m[K/home/evan/code/lego-loam/lego/src/LeGO-LOAM/src/imageProjection.cpp:30[m[K:
[26.380s] [01m[K/opt/ros/humble/include/rclcpp/rclcpp/node.hpp:421:3:[m[K [01;36m[Knote: [m[Kcandidate: â€˜[01m[Ktemplate<class ParameterT> auto rclcpp::Node::declare_parameter(const string&, const ParameterT&, const ParameterDescriptor&, bool)[m[Kâ€™
[26.380s]   421 |   [01;36m[Kdeclare_parameter[m[K(
[26.380s]       |   [01;36m[K^~~~~~~~~~~~~~~~~[m[K
[26.381s] [01m[K/opt/ros/humble/include/rclcpp/rclcpp/node.hpp:421:3:[m[K [01;36m[Knote: [m[K  template argument deduction/substitution failed:
[26.381s] [01m[K/home/evan/code/lego-loam/lego/src/LeGO-LOAM/src/imageProjection.cpp:64:26:[m[K [01;36m[Knote: [m[K  candidate expects 4 arguments, 1 provided
[26.381s]    64 |   [01;36m[Kthis->declare_parameter(PARAM_SEGMENT_POINT)[m[K;
[26.381s]       |   [01;36m[K~~~~~~~~~~~~~~~~~~~~~~~^~~~~~~~~~~~~~~~~~~~~[m[K
[26.381s] In file included from [01m[K/opt/ros/humble/include/rclcpp/rclcpp/executors/single_threaded_executor.hpp:28[m[K,
[26.381s]                  from [01m[K/opt/ros/humble/include/rclcpp/rclcpp/executors.hpp:22[m[K,
[26.381s]                  from [01m[K/opt/ros/humble/include/rclcpp/rclcpp/rclcpp.hpp:155[m[K,
[26.381s]                  from [01m[K/home/evan/code/lego-loam/lego/src/LeGO-LOAM/include/lego_loam/utility.h:5[m[K,
[26.381s]                  from [01m[K/home/evan/code/lego-loam/lego/src/LeGO-LOAM/src/imageProjection.h:4[m[K,
[26.381s]                  from [01m[K/home/evan/code/lego-loam/lego/src/LeGO-LOAM/src/imageProjection.cpp:30[m[K:
[26.381s] [01m[K/opt/ros/humble/include/rclcpp/rclcpp/node.hpp:434:3:[m[K [01;36m[Knote: [m[Kcandidate: â€˜[01m[Ktemplate<class ParameterT> auto rclcpp::Node::declare_parameter(const string&, const ParameterDescriptor&, bool)[m[Kâ€™
[26.381s]   434 |   [01;36m[Kdeclare_parameter[m[K(
[26.381s]       |   [01;36m[K^~~~~~~~~~~~~~~~~[m[K
[26.381s] [01m[K/opt/ros/humble/include/rclcpp/rclcpp/node.hpp:434:3:[m[K [01;36m[Knote: [m[K  template argument deduction/substitution failed:
[26.382s] [01m[K/home/evan/code/lego-loam/lego/src/LeGO-LOAM/src/imageProjection.cpp:64:26:[m[K [01;36m[Knote: [m[K  couldnâ€™t deduce template parameter â€˜[01m[KParameterT[m[Kâ€™
[26.382s]    64 |   [01;36m[Kthis->declare_parameter(PARAM_SEGMENT_POINT)[m[K;
[26.382s]       |   [01;36m[K~~~~~~~~~~~~~~~~~~~~~~~^~~~~~~~~~~~~~~~~~~~~[m[K
[26.382s] In file included from [01m[K/opt/ros/humble/include/rclcpp/rclcpp/executors/single_threaded_executor.hpp:28[m[K,
[26.382s]                  from [01m[K/opt/ros/humble/include/rclcpp/rclcpp/executors.hpp:22[m[K,
[26.382s]                  from [01m[K/opt/ros/humble/include/rclcpp/rclcpp/rclcpp.hpp:155[m[K,
[26.382s]                  from [01m[K/home/evan/code/lego-loam/lego/src/LeGO-LOAM/include/lego_loam/utility.h:5[m[K,
[26.382s]                  from [01m[K/home/evan/code/lego-loam/lego/src/LeGO-LOAM/src/imageProjection.h:4[m[K,
[26.382s]                  from [01m[K/home/evan/code/lego-loam/lego/src/LeGO-LOAM/src/imageProjection.cpp:30[m[K:
[26.382s] [01m[K/opt/ros/humble/include/rclcpp/rclcpp/node.hpp:366:3:[m[K [01;36m[Knote: [m[Kcandidate: â€˜[01m[Kconst rclcpp::ParameterValue& rclcpp::Node::declare_parameter(const string&, const rclcpp::ParameterValue&, const ParameterDescriptor&, bool)[m[Kâ€™
[26.382s]   366 |   [01;36m[Kdeclare_parameter[m[K(
[26.382s]       |   [01;36m[K^~~~~~~~~~~~~~~~~[m[K
[26.382s] [01m[K/opt/ros/humble/include/rclcpp/rclcpp/node.hpp:366:3:[m[K [01;36m[Knote: [m[K  candidate expects 4 arguments, 1 provided
[26.382s] [01m[K/opt/ros/humble/include/rclcpp/rclcpp/node.hpp:391:3:[m[K [01;36m[Knote: [m[Kcandidate: â€˜[01m[Kconst rclcpp::ParameterValue& rclcpp::Node::declare_parameter(const string&, rclcpp::ParameterType, const ParameterDescriptor&, bool)[m[Kâ€™
[26.383s]   391 |   [01;36m[Kdeclare_parameter[m[K(
[26.383s]       |   [01;36m[K^~~~~~~~~~~~~~~~~[m[K
[26.383s] [01m[K/opt/ros/humble/include/rclcpp/rclcpp/node.hpp:391:3:[m[K [01;36m[Knote: [m[K  candidate expects 4 arguments, 1 provided
[26.383s] [01m[K/home/evan/code/lego-loam/lego/src/LeGO-LOAM/src/imageProjection.cpp:65:26:[m[K [01;31m[Kerror: [m[Kno matching function for call to â€˜[01m[KImageProjection::declare_parameter(const string&)[m[Kâ€™
[26.383s]    65 |   [01;31m[Kthis->declare_parameter(PARAM_SEGMENT_LINE)[m[K;
[26.383s]       |   [01;31m[K~~~~~~~~~~~~~~~~~~~~~~~^~~~~~~~~~~~~~~~~~~~[m[K
[26.383s] In file included from [01m[K/opt/ros/humble/include/rclcpp/rclcpp/executors/single_threaded_executor.hpp:28[m[K,
[26.383s]                  from [01m[K/opt/ros/humble/include/rclcpp/rclcpp/executors.hpp:22[m[K,
[26.383s]                  from [01m[K/opt/ros/humble/include/rclcpp/rclcpp/rclcpp.hpp:155[m[K,
[26.383s]                  from [01m[K/home/evan/code/lego-loam/lego/src/LeGO-LOAM/include/lego_loam/utility.h:5[m[K,
[26.383s]                  from [01m[K/home/evan/code/lego-loam/lego/src/LeGO-LOAM/src/imageProjection.h:4[m[K,
[26.383s]                  from [01m[K/home/evan/code/lego-loam/lego/src/LeGO-LOAM/src/imageProjection.cpp:30[m[K:
[26.383s] [01m[K/opt/ros/humble/include/rclcpp/rclcpp/node.hpp:421:3:[m[K [01;36m[Knote: [m[Kcandidate: â€˜[01m[Ktemplate<class ParameterT> auto rclcpp::Node::declare_parameter(const string&, const ParameterT&, const ParameterDescriptor&, bool)[m[Kâ€™
[26.383s]   421 |   [01;36m[Kdeclare_parameter[m[K(
[26.383s]       |   [01;36m[K^~~~~~~~~~~~~~~~~[m[K
[26.383s] [01m[K/opt/ros/humble/include/rclcpp/rclcpp/node.hpp:421:3:[m[K [01;36m[Knote: [m[K  template argument deduction/substitution failed:
[26.384s] [01m[K/home/evan/code/lego-loam/lego/src/LeGO-LOAM/src/imageProjection.cpp:65:26:[m[K [01;36m[Knote: [m[K  candidate expects 4 arguments, 1 provided
[26.384s]    65 |   [01;36m[Kthis->declare_parameter(PARAM_SEGMENT_LINE)[m[K;
[26.384s]       |   [01;36m[K~~~~~~~~~~~~~~~~~~~~~~~^~~~~~~~~~~~~~~~~~~~[m[K
[26.384s] In file included from [01m[K/opt/ros/humble/include/rclcpp/rclcpp/executors/single_threaded_executor.hpp:28[m[K,
[26.384s]                  from [01m[K/opt/ros/humble/include/rclcpp/rclcpp/executors.hpp:22[m[K,
[26.384s]                  from [01m[K/opt/ros/humble/include/rclcpp/rclcpp/rclcpp.hpp:155[m[K,
[26.384s]                  from [01m[K/home/evan/code/lego-loam/lego/src/LeGO-LOAM/include/lego_loam/utility.h:5[m[K,
[26.384s]                  from [01m[K/home/evan/code/lego-loam/lego/src/LeGO-LOAM/src/imageProjection.h:4[m[K,
[26.384s]                  from [01m[K/home/evan/code/lego-loam/lego/src/LeGO-LOAM/src/imageProjection.cpp:30[m[K:
[26.384s] [01m[K/opt/ros/humble/include/rclcpp/rclcpp/node.hpp:434:3:[m[K [01;36m[Knote: [m[Kcandidate: â€˜[01m[Ktemplate<class ParameterT> auto rclcpp::Node::declare_parameter(const string&, const ParameterDescriptor&, bool)[m[Kâ€™
[26.384s]   434 |   [01;36m[Kdeclare_parameter[m[K(
[26.384s]       |   [01;36m[K^~~~~~~~~~~~~~~~~[m[K
[26.384s] [01m[K/opt/ros/humble/include/rclcpp/rclcpp/node.hpp:434:3:[m[K [01;36m[Knote: [m[K  template argument deduction/substitution failed:
[26.385s] [01m[K/home/evan/code/lego-loam/lego/src/LeGO-LOAM/src/imageProjection.cpp:65:26:[m[K [01;36m[Knote: [m[K  couldnâ€™t deduce template parameter â€˜[01m[KParameterT[m[Kâ€™
[26.385s]    65 |   [01;36m[Kthis->declare_parameter(PARAM_SEGMENT_LINE)[m[K;
[26.385s]       |   [01;36m[K~~~~~~~~~~~~~~~~~~~~~~~^~~~~~~~~~~~~~~~~~~~[m[K
[26.385s] In file included from [01m[K/opt/ros/humble/include/rclcpp/rclcpp/executors/single_threaded_executor.hpp:28[m[K,
[26.385s]                  from [01m[K/opt/ros/humble/include/rclcpp/rclcpp/executors.hpp:22[m[K,
[26.385s]                  from [01m[K/opt/ros/humble/include/rclcpp/rclcpp/rclcpp.hpp:155[m[K,
[26.385s]                  from [01m[K/home/evan/code/lego-loam/lego/src/LeGO-LOAM/include/lego_loam/utility.h:5[m[K,
[26.385s]                  from [01m[K/home/evan/code/lego-loam/lego/src/LeGO-LOAM/src/imageProjection.h:4[m[K,
[26.385s]                  from [01m[K/home/evan/code/lego-loam/lego/src/LeGO-LOAM/src/imageProjection.cpp:30[m[K:
[26.385s] [01m[K/opt/ros/humble/include/rclcpp/rclcpp/node.hpp:366:3:[m[K [01;36m[Knote: [m[Kcandidate: â€˜[01m[Kconst rclcpp::ParameterValue& rclcpp::Node::declare_parameter(const string&, const rclcpp::ParameterValue&, const ParameterDescriptor&, bool)[m[Kâ€™
[26.385s]   366 |   [01;36m[Kdeclare_parameter[m[K(
[26.385s]       |   [01;36m[K^~~~~~~~~~~~~~~~~[m[K
[26.385s] [01m[K/opt/ros/humble/include/rclcpp/rclcpp/node.hpp:366:3:[m[K [01;36m[Knote: [m[K  candidate expects 4 arguments, 1 provided
[26.385s] [01m[K/opt/ros/humble/include/rclcpp/rclcpp/node.hpp:391:3:[m[K [01;36m[Knote: [m[Kcandidate: â€˜[01m[Kconst rclcpp::ParameterValue& rclcpp::Node::declare_parameter(const string&, rclcpp::ParameterType, const ParameterDescriptor&, bool)[m[Kâ€™
[26.386s]   391 |   [01;36m[Kdeclare_parameter[m[K(
[26.386s]       |   [01;36m[K^~~~~~~~~~~~~~~~~[m[K
[26.386s] [01m[K/opt/ros/humble/include/rclcpp/rclcpp/node.hpp:391:3:[m[K [01;36m[Knote: [m[K  candidate expects 4 arguments, 1 provided
[32.552s] gmake[2]: *** [CMakeFiles/lego_loam_sr.dir/build.make:76: CMakeFiles/lego_loam_sr.dir/src/imageProjection.cpp.o] Error 1
[32.552s] gmake[1]: *** [CMakeFiles/Makefile2:137: CMakeFiles/lego_loam_sr.dir/all] Error 2
[32.553s] gmake: *** [Makefile:146: all] Error 2
[32.556s] Invoked command in '/home/evan/code/lego-loam/lego/build/lego_loam_sr' returned '2': CMAKE_PREFIX_PATH=${CMAKE_PREFIX_PATH}:/opt/ros/humble /usr/bin/cmake --build /home/evan/code/lego-loam/lego/build/lego_loam_sr -- -j4 -l4
